<?xml version="1.0" encoding="UTF-8"?>
<!-- Generated by org.testng.reporters.JUnitXMLReporter -->
<testsuite ignored="3" hostname="MAVCHN1121234" failures="0" tests="0" time="0.034" errors="0" timestamp="2024-05-18T23:56:48 IST">
  <testcase classname="Practise.day1" name="DemoSecond" time="0.0">
    <ignored/>
  </testcase> <!-- DemoSecond -->
  <testcase classname="Practise.day1" name="Demo" time="0.0">
    <ignored/>
  </testcase> <!-- Demo -->
  <testcase classname="Practise.day1" name="DemoThird" time="0.0">
    <ignored/>
  </testcase> <!-- DemoThird -->
</testsuite>
