<?xml version="1.0" encoding="UTF-8"?>
<!-- Generated by org.testng.reporters.JUnitXMLReporter -->
<testsuite ignored="0" hostname="MAVCHN1121234" failures="0" tests="5" name="Test" time="0.292" errors="0" timestamp="2024-05-19T00:08:21 IST">
  <testcase classname="Practise.day1" name="Demo" time="0.041"/>
  <testcase classname="Practise.day1" name="DemoSecond" time="0.008"/>
  <testcase classname="Practise.day1" name="DemoThird" time="0.01"/>
  <testcase classname="Practise.day2" name="demo2" time="0.007"/>
  <testcase classname="Practise.day2" name="demo3" time="0.006"/>
</testsuite> <!-- Test -->
